<?xml version="1.0" encoding="UTF-8"?>
<testsuite name="com.example.pokedex.PokedexTest" tests="1" skipped="0" failures="0" errors="0" timestamp="2020-11-22T15:27:50" hostname="LENOVO-PC" time="0.002">
  <properties/>
  <testcase name="getName" classname="com.example.pokedex.PokedexTest" time="0.002"/>
  <system-out><![CDATA[]]></system-out>
  <system-err><![CDATA[]]></system-err>
</testsuite>
